c:\users\administrator\desktop\新的代码\019\019\019\debug\019.pch
c:\users\administrator\desktop\新的代码\019\019\019\debug\vc140.pdb
c:\users\administrator\desktop\新的代码\019\019\019\debug\vc140.idb
c:\users\administrator\desktop\新的代码\019\019\019\debug\stdafx.obj
c:\users\administrator\desktop\新的代码\019\019\019\debug\019.obj
c:\users\administrator\desktop\新的代码\019\019\019\debug\019dlg.obj
c:\users\administrator\desktop\新的代码\019\019\019\debug\mymodaldialog.obj
c:\users\administrator\desktop\新的代码\019\019\019\debug\nomodaldialog.obj
c:\users\administrator\desktop\新的代码\019\019\debug\019.ilk
c:\users\administrator\desktop\新的代码\019\019\debug\019.exe
c:\users\administrator\desktop\新的代码\019\019\debug\019.pdb
c:\users\administrator\desktop\新的代码\019\019\019\debug\019.res
c:\users\administrator\desktop\新的代码\019\019\019\debug\019.tlog\cl.command.1.tlog
c:\users\administrator\desktop\新的代码\019\019\019\debug\019.tlog\cl.read.1.tlog
c:\users\administrator\desktop\新的代码\019\019\019\debug\019.tlog\cl.write.1.tlog
c:\users\administrator\desktop\新的代码\019\019\019\debug\019.tlog\link.command.1.tlog
c:\users\administrator\desktop\新的代码\019\019\019\debug\019.tlog\link.read.1.tlog
c:\users\administrator\desktop\新的代码\019\019\019\debug\019.tlog\link.write.1.tlog
c:\users\administrator\desktop\新的代码\019\019\019\debug\019.tlog\rc.command.1.tlog
c:\users\administrator\desktop\新的代码\019\019\019\debug\019.tlog\rc.read.1.tlog
c:\users\administrator\desktop\新的代码\019\019\019\debug\019.tlog\rc.write.1.tlog
