  005.cpp
D:\git\MyClass\黃強課程\C语言高手之路源码\Code\005\005\005.cpp(60,35): warning C4566: character represented by universal-character-name '\u9EC3' cannot be represented in the current code page (1252)
D:\git\MyClass\黃強課程\C语言高手之路源码\Code\005\005\005.cpp(60,35): warning C4566: character represented by universal-character-name '\u5F37' cannot be represented in the current code page (1252)
D:\git\MyClass\黃強課程\C语言高手之路源码\Code\005\005\005.cpp(60,35): warning C4566: character represented by universal-character-name '\u8AB2' cannot be represented in the current code page (1252)
D:\git\MyClass\黃強課程\C语言高手之路源码\Code\005\005\005.cpp(60,35): warning C4566: character represented by universal-character-name '\u7A0B' cannot be represented in the current code page (1252)
D:\git\MyClass\黃強課程\C语言高手之路源码\Code\005\005\005.cpp(60,35): warning C4566: character represented by universal-character-name '\u8BED' cannot be represented in the current code page (1252)
D:\git\MyClass\黃強課程\C语言高手之路源码\Code\005\005\005.cpp(60,35): warning C4566: character represented by universal-character-name '\u8A00' cannot be represented in the current code page (1252)
D:\git\MyClass\黃強課程\C语言高手之路源码\Code\005\005\005.cpp(60,35): warning C4566: character represented by universal-character-name '\u9AD8' cannot be represented in the current code page (1252)
D:\git\MyClass\黃強課程\C语言高手之路源码\Code\005\005\005.cpp(60,35): warning C4566: character represented by universal-character-name '\u624B' cannot be represented in the current code page (1252)
D:\git\MyClass\黃強課程\C语言高手之路源码\Code\005\005\005.cpp(60,35): warning C4566: character represented by universal-character-name '\u4E4B' cannot be represented in the current code page (1252)
D:\git\MyClass\黃強課程\C语言高手之路源码\Code\005\005\005.cpp(60,35): warning C4566: character represented by universal-character-name '\u8DEF' cannot be represented in the current code page (1252)
D:\git\MyClass\黃強課程\C语言高手之路源码\Code\005\005\005.cpp(60,35): warning C4566: character represented by universal-character-name '\u6E90' cannot be represented in the current code page (1252)
D:\git\MyClass\黃強課程\C语言高手之路源码\Code\005\005\005.cpp(60,35): warning C4566: character represented by universal-character-name '\u7801' cannot be represented in the current code page (1252)
D:\git\MyClass\黃強課程\C语言高手之路源码\Code\005\005\1.txt(666,35): warning C4566: character represented by universal-character-name '\u9EC3' cannot be represented in the current code page (1252)
  (compiling source file '005.cpp')
  
D:\git\MyClass\黃強課程\C语言高手之路源码\Code\005\005\1.txt(666,35): warning C4566: character represented by universal-character-name '\u5F37' cannot be represented in the current code page (1252)
  (compiling source file '005.cpp')
  
D:\git\MyClass\黃強課程\C语言高手之路源码\Code\005\005\1.txt(666,35): warning C4566: character represented by universal-character-name '\u8AB2' cannot be represented in the current code page (1252)
  (compiling source file '005.cpp')
  
D:\git\MyClass\黃強課程\C语言高手之路源码\Code\005\005\1.txt(666,35): warning C4566: character represented by universal-character-name '\u7A0B' cannot be represented in the current code page (1252)
  (compiling source file '005.cpp')
  
D:\git\MyClass\黃強課程\C语言高手之路源码\Code\005\005\1.txt(666,35): warning C4566: character represented by universal-character-name '\u8BED' cannot be represented in the current code page (1252)
  (compiling source file '005.cpp')
  
D:\git\MyClass\黃強課程\C语言高手之路源码\Code\005\005\1.txt(666,35): warning C4566: character represented by universal-character-name '\u8A00' cannot be represented in the current code page (1252)
  (compiling source file '005.cpp')
  
D:\git\MyClass\黃強課程\C语言高手之路源码\Code\005\005\1.txt(666,35): warning C4566: character represented by universal-character-name '\u9AD8' cannot be represented in the current code page (1252)
  (compiling source file '005.cpp')
  
D:\git\MyClass\黃強課程\C语言高手之路源码\Code\005\005\1.txt(666,35): warning C4566: character represented by universal-character-name '\u624B' cannot be represented in the current code page (1252)
  (compiling source file '005.cpp')
  
D:\git\MyClass\黃強課程\C语言高手之路源码\Code\005\005\1.txt(666,35): warning C4566: character represented by universal-character-name '\u4E4B' cannot be represented in the current code page (1252)
  (compiling source file '005.cpp')
  
D:\git\MyClass\黃強課程\C语言高手之路源码\Code\005\005\1.txt(666,35): warning C4566: character represented by universal-character-name '\u8DEF' cannot be represented in the current code page (1252)
  (compiling source file '005.cpp')
  
D:\git\MyClass\黃強課程\C语言高手之路源码\Code\005\005\1.txt(666,35): warning C4566: character represented by universal-character-name '\u6E90' cannot be represented in the current code page (1252)
  (compiling source file '005.cpp')
  
D:\git\MyClass\黃強課程\C语言高手之路源码\Code\005\005\1.txt(666,35): warning C4566: character represented by universal-character-name '\u7801' cannot be represented in the current code page (1252)
  (compiling source file '005.cpp')
  
D:\git\MyClass\黃強課程\C语言高手之路源码\Code\005\005\1.txt(670,1): warning C4700: uninitialized local variable 'a' used
  005.vcxproj -> D:\git\MyClass\黃強課程\C语言高手之路源码\Code\005\Debug\005.exe
